2019-04-09 14:56:15,821 - BrowserEngine - INFO - You had select Chrome browser.
2019-04-09 14:56:15,821 - BrowserEngine - INFO - The test server url is: https://www.baidu.com
2019-04-09 14:56:19,020 - BrowserEngine - INFO - Starting Chrome browser.
2019-04-09 14:56:19,779 - BrowserEngine - INFO - Open url: https://www.baidu.com
2019-04-09 14:56:20,955 - BrowserEngine - INFO - Maximize the current window.
2019-04-09 14:56:20,957 - BrowserEngine - INFO - Set implicitly wait 10 seconds.
2019-04-09 14:56:20,989 - BasePage - INFO - Had find the element '  ' successful by id via value: kw 
2019-04-09 14:56:21,196 - BasePage - INFO - Had type ' selenium ' in inputBox
2019-04-09 14:56:21,236 - BasePage - INFO - Had find the element '  ' successful by xpath via value: //*[@id='su'] 
2019-04-09 14:56:21,324 - BasePage - INFO - The element '  ' was clicked.
2019-04-09 14:56:23,795 - BasePage - INFO - Had take screenshot and save to folder : /screenshots
2019-04-09 14:56:23,800 - BasePage - INFO - Current page title is selenium_百度搜索
2019-04-09 14:56:23,820 - BasePage - INFO - Had find the element '  ' successful by id via value: kw 
2019-04-09 14:56:23,920 - BasePage - INFO - Had type ' python ' in inputBox
2019-04-09 14:56:23,942 - BasePage - INFO - Had find the element '  ' successful by xpath via value: //*[@id='su'] 
2019-04-09 14:56:24,017 - BasePage - INFO - The element '  ' was clicked.
2019-04-09 14:56:26,479 - BasePage - INFO - Had take screenshot and save to folder : /screenshots
2019-04-09 14:56:29,845 - BrowserEngine - INFO - You had select Chrome browser.
2019-04-09 14:56:29,846 - BrowserEngine - INFO - The test server url is: https://www.baidu.com
2019-04-09 14:56:32,972 - BrowserEngine - INFO - Starting Chrome browser.
2019-04-09 14:56:33,601 - BrowserEngine - INFO - Open url: https://www.baidu.com
2019-04-09 14:56:34,795 - BrowserEngine - INFO - Maximize the current window.
2019-04-09 14:56:34,796 - BrowserEngine - INFO - Set implicitly wait 10 seconds.
2019-04-09 14:56:34,801 - BasePage - INFO - Current page title is 百度一下，你就知道
