2019-04-09 14:44:28,986 - BrowserEngine - INFO - You had select Chrome browser.
2019-04-09 14:44:28,986 - BrowserEngine - INFO - The test server url is: https://www.baidu.com
2019-04-09 14:44:32,057 - BrowserEngine - INFO - Starting Chrome browser.
2019-04-09 14:44:32,742 - BrowserEngine - INFO - Open url: https://www.baidu.com
2019-04-09 14:44:33,875 - BrowserEngine - INFO - Maximize the current window.
2019-04-09 14:44:33,876 - BrowserEngine - INFO - Set implicitly wait 10 seconds.
2019-04-09 14:44:33,909 - BasePage - INFO - Had find the element '  ' successful by id via value: kw 
2019-04-09 14:44:34,138 - BasePage - INFO - Had type ' selenium ' in inputBox
2019-04-09 14:44:34,187 - BasePage - INFO - Had find the element '  ' successful by xpath via value: //*[@id='su'] 
2019-04-09 14:44:34,282 - BasePage - INFO - The element '  ' was clicked.
2019-04-09 14:44:36,748 - BasePage - INFO - Had take screenshot and save to folder : /screenshots
2019-04-09 14:44:36,753 - BasePage - INFO - Current page title is selenium_百度搜索
2019-04-09 14:44:36,783 - BasePage - INFO - Had find the element '  ' successful by id via value: kw 
2019-04-09 14:44:36,925 - BasePage - INFO - Had type ' python ' in inputBox
2019-04-09 14:44:36,962 - BasePage - INFO - Had find the element '  ' successful by xpath via value: //*[@id='su'] 
2019-04-09 14:44:37,042 - BasePage - INFO - The element '  ' was clicked.
2019-04-09 14:44:39,512 - BasePage - INFO - Had take screenshot and save to folder : /screenshots
2019-04-09 14:44:41,969 - BrowserEngine - INFO - You had select Chrome browser.
2019-04-09 14:44:41,970 - BrowserEngine - INFO - The test server url is: https://www.baidu.com
2019-04-09 14:44:45,062 - BrowserEngine - INFO - Starting Chrome browser.
2019-04-09 14:44:45,632 - BrowserEngine - INFO - Open url: https://www.baidu.com
2019-04-09 14:44:46,931 - BrowserEngine - INFO - Maximize the current window.
2019-04-09 14:44:46,932 - BrowserEngine - INFO - Set implicitly wait 10 seconds.
2019-04-09 14:44:46,937 - BasePage - INFO - Current page title is 百度一下，你就知道
